#
# There is insufficient memory for the Java Runtime Environment to continue.
# Native memory allocation (mmap) failed to map 295698432 bytes for committing reserved memory.
# Possible reasons:
#   The system is out of physical RAM or swap space
#   In 32 bit mode, the process size limit was hit
# Possible solutions:
#   Reduce memory load on the system
#   Increase physical memory or swap space
#   Check if swap backing store is full
#   Use 64 bit Java on a 64 bit OS
#   Decrease Java heap size (-Xmx/-Xms)
#   Decrease number of Java threads
#   Decrease Java thread stack sizes (-Xss)
#   Set larger code cache with -XX:ReservedCodeCacheSize=
# This output file may be truncated or incomplete.
#
#  Out of Memory Error (os_linux.cpp:2743), pid=507, tid=0x00007f71036f6700
#
# JRE version: Java(TM) SE Runtime Environment (8.0_191-b12) (build 1.8.0_191-b12)
# Java VM: Java HotSpot(TM) 64-Bit Server VM (25.191-b12 mixed mode linux-amd64 compressed oops)
# Failed to write core dump. Core dumps have been disabled. To enable core dumping, try "ulimit -c unlimited" before starting Java again
#

---------------  T H R E A D  ---------------

Current thread (0x00007f7118081000):  VMThread [stack: 0x00007f71035f6000,0x00007f71036f7000] [id=527]

Stack: [0x00007f71035f6000,0x00007f71036f7000],  sp=0x00007f71036f5490,  free space=1021k
Native frames: (J=compiled Java code, j=interpreted, Vv=VM code, C=native code)
V  [libjvm.so+0xace425]  VMError::report_and_die()+0x2c5
V  [libjvm.so+0x4deb77]  report_vm_out_of_memory(char const*, int, unsigned long, VMErrorType, char const*)+0x67
V  [libjvm.so+0x90c570]  os::pd_commit_memory(char*, unsigned long, unsigned long, bool)+0x100
V  [libjvm.so+0x903eaf]  os::commit_memory(char*, unsigned long, unsigned long, bool)+0x1f
V  [libjvm.so+0x988346]  PSVirtualSpace::expand_by(unsigned long)+0x56
V  [libjvm.so+0x9895d8]  PSYoungGen::resize(unsigned long, unsigned long)+0xd8
V  [libjvm.so+0x985d66]  PSScavenge::invoke_no_policy()+0x1356
V  [libjvm.so+0x98610c]  PSScavenge::invoke()+0x4c
V  [libjvm.so+0x935fb8]  ParallelScavengeHeap::failed_mem_allocate(unsigned long)+0x68
V  [libjvm.so+0xacff53]  VM_ParallelGCFailedAllocation::doit()+0x93
V  [libjvm.so+0xad50f6]  VM_Operation::evaluate()+0x46
V  [libjvm.so+0xad347d]  VMThread::evaluate_operation(VM_Operation*) [clone .constprop.44]+0xcd
V  [libjvm.so+0xad3a3b]  VMThread::loop()+0x37b
V  [libjvm.so+0xad3de8]  VMThread::run()+0x78
V  [libjvm.so+0x909c92]  java_start(Thread*)+0x102

VM_Operation (0x00007f7121ebf260): ParallelGCFailedAllocation, mode: safepoint, requested by thread 0x00007f711800b000


---------------  P R O C E S S  ---------------

Java Threads: ( => current thread )
  0x00007f7118929800 JavaThread "resolver-5" daemon [_thread_blocked, id=559, stack(0x00007f7100d4f000,0x00007f7100e50000)]
  0x00007f7118927800 JavaThread "resolver-4" daemon [_thread_blocked, id=558, stack(0x00007f7100e50000,0x00007f7100f51000)]
  0x00007f7118926000 JavaThread "resolver-3" daemon [_thread_blocked, id=557, stack(0x00007f7100f51000,0x00007f7101052000)]
  0x00007f7118e9a000 JavaThread "resolver-2" daemon [_thread_blocked, id=556, stack(0x00007f7101052000,0x00007f7101153000)]
  0x00007f7118e99800 JavaThread "resolver-1" daemon [_thread_blocked, id=555, stack(0x00007f7101153000,0x00007f7101254000)]
  0x00007f71180d3000 JavaThread "Service Thread" daemon [_thread_blocked, id=535, stack(0x00007f710242f000,0x00007f7102530000)]
  0x00007f71180c8800 JavaThread "C1 CompilerThread3" daemon [_thread_blocked, id=534, stack(0x00007f7102530000,0x00007f7102631000)]
  0x00007f71180c6000 JavaThread "C2 CompilerThread2" daemon [_thread_blocked, id=533, stack(0x00007f7102631000,0x00007f7102732000)]
  0x00007f71180c4800 JavaThread "C2 CompilerThread1" daemon [_thread_blocked, id=532, stack(0x00007f7102732000,0x00007f7102833000)]
  0x00007f71180c1800 JavaThread "C2 CompilerThread0" daemon [_thread_blocked, id=531, stack(0x00007f7102833000,0x00007f7102934000)]
  0x00007f71180c0000 JavaThread "Signal Dispatcher" daemon [_thread_blocked, id=530, stack(0x00007f7102934000,0x00007f7102a35000)]
  0x00007f711808d000 JavaThread "Finalizer" daemon [_thread_blocked, id=529, stack(0x00007f71033f4000,0x00007f71034f5000)]
  0x00007f711808a800 JavaThread "Reference Handler" daemon [_thread_blocked, id=528, stack(0x00007f71034f5000,0x00007f71035f6000)]
  0x00007f711800b000 JavaThread "main" [_thread_blocked, id=517, stack(0x00007f7121dc1000,0x00007f7121ec2000)]

Other Threads:
=>0x00007f7118081000 VMThread [stack: 0x00007f71035f6000,0x00007f71036f7000] [id=527]
  0x00007f71180d8000 WatcherThread [stack: 0x00007f710232e000,0x00007f710242f000] [id=536]

VM state:at safepoint (normal execution)

VM Mutex/Monitor currently owned by a thread:  ([mutex/lock_event])
[0x00007f7118007150] Threads_lock - owner thread: 0x00007f7118081000
[0x00007f7118007650] Heap_lock - owner thread: 0x00007f711800b000

Heap:
 PSYoungGen      total 1001472K, used 17621K [0x000000076d300000, 0x00000007ab980000, 0x00000007c0000000)
  eden space 983552K, 0% used [0x000000076d300000,0x000000076d300000,0x00000007a9380000)
  from space 17920K, 98% used [0x00000007a9680000,0x00000007aa7b54f8,0x00000007aa800000)
  to   space 4608K, 0% used [0x00000007ab500000,0x00000007ab500000,0x00000007ab980000)
 ParOldGen       total 105472K, used 36226K [0x00000006c7800000, 0x00000006cdf00000, 0x000000076d300000)
  object space 105472K, 34% used [0x00000006c7800000,0x00000006c9b60a90,0x00000006cdf00000)
 Metaspace       used 22772K, capacity 23636K, committed 23856K, reserved 1071104K
  class space    used 2577K, capacity 2779K, committed 2864K, reserved 1048576K

Card table byte_map: [0x00007f711e3a9000,0x00007f711eb6e000] byte_map_base: 0x00007f711ad6d000

Marking Bits: (ParMarkBitMap*) 0x00007f712129fd40
 Begin Bits: [0x00007f70c43c0000, 0x00007f70c81e0000)
 End Bits:   [0x00007f70c81e0000, 0x00007f70cc000000)

Polling page: 0x00007f7121edf000

CodeCache: size=245760Kb used=17325Kb max_used=18418Kb free=228434Kb
 bounds [0x00007f7109000000, 0x00007f710a240000, 0x00007f7118000000]
 total_blobs=4900 nmethods=4545 adapters=268
 compilation: enabled

Compilation events (10 events):
Event: 8.536 Thread 0x00007f71180c6000 5655  s    4       sun.net.www.protocol.file.Handler::openConnection (7 bytes)
Event: 8.537 Thread 0x00007f71180c4800 5656  s!   4       sun.net.www.protocol.file.Handler::openConnection (194 bytes)
Event: 8.537 Thread 0x00007f71180c6000 nmethod 5655 0x00007f7109dfabd0 code [0x00007f7109dfad20, 0x00007f7109dfb008]
Event: 8.538 Thread 0x00007f71180c1800 5657       4       sun.net.www.protocol.file.FileURLConnection::<init> (38 bytes)
Event: 8.538 Thread 0x00007f71180c6000 5658       4       sun.net.www.MessageHeader::grow (92 bytes)
Event: 8.540 Thread 0x00007f71180c6000 nmethod 5658 0x00007f710962d750 code [0x00007f710962d8a0, 0x00007f710962db38]
Event: 8.541 Thread 0x00007f71180c1800 nmethod 5657 0x00007f7109cb04d0 code [0x00007f7109cb0640, 0x00007f7109cb08f8]
Event: 8.548 Thread 0x00007f71180c4800 nmethod 5656 0x00007f710962dc50 code [0x00007f710962de20, 0x00007f710962ebc8]
Event: 8.640 Thread 0x00007f71180c6000 5659       4       org.codehaus.plexus.components.io.resources.proxy.PlexusIoProxyResourceCollection::getResources (272 bytes)
Event: 8.672 Thread 0x00007f71180c6000 nmethod 5659 0x00007f7109770550 code [0x00007f7109770860, 0x00007f7109772820]

GC Heap History (10 events):
Event: 6.099 GC heap after
Heap after GC invocations=11 (full 1):
 PSYoungGen      total 588800K, used 2656K [0x000000076d300000, 0x0000000793280000, 0x00000007c0000000)
  eden space 584192K, 0% used [0x000000076d300000,0x000000076d300000,0x0000000790d80000)
  from space 4608K, 57% used [0x0000000792e00000,0x0000000793098000,0x0000000793280000)
  to   space 18944K, 0% used [0x0000000790d80000,0x0000000790d80000,0x0000000792000000)
 ParOldGen       total 105472K, used 21222K [0x00000006c7800000, 0x00000006cdf00000, 0x000000076d300000)
  object space 105472K, 20% used [0x00000006c7800000,0x00000006c8cb9a60,0x00000006cdf00000)
 Metaspace       used 22614K, capacity 23444K, committed 23600K, reserved 1071104K
  class space    used 2573K, capacity 2779K, committed 2864K, reserved 1048576K
}
Event: 6.543 GC heap before
{Heap before GC invocations=12 (full 1):
 PSYoungGen      total 588800K, used 586848K [0x000000076d300000, 0x0000000793280000, 0x00000007c0000000)
  eden space 584192K, 100% used [0x000000076d300000,0x0000000790d80000,0x0000000790d80000)
  from space 4608K, 57% used [0x0000000792e00000,0x0000000793098000,0x0000000793280000)
  to   space 18944K, 0% used [0x0000000790d80000,0x0000000790d80000,0x0000000792000000)
 ParOldGen       total 105472K, used 21222K [0x00000006c7800000, 0x00000006cdf00000, 0x000000076d300000)
  object space 105472K, 20% used [0x00000006c7800000,0x00000006c8cb9a60,0x00000006cdf00000)
 Metaspace       used 22644K, capacity 23508K, committed 23600K, reserved 1071104K
  class space    used 2573K, capacity 2779K, committed 2864K, reserved 1048576K
Event: 6.546 GC heap after
Heap after GC invocations=12 (full 1):
 PSYoungGen      total 603136K, used 2912K [0x000000076d300000, 0x000000079e780000, 0x00000007c0000000)
  eden space 584192K, 0% used [0x000000076d300000,0x000000076d300000,0x0000000790d80000)
  from space 18944K, 15% used [0x0000000790d80000,0x0000000791058010,0x0000000792000000)
  to   space 18944K, 0% used [0x000000079d500000,0x000000079d500000,0x000000079e780000)
 ParOldGen       total 105472K, used 22778K [0x00000006c7800000, 0x00000006cdf00000, 0x000000076d300000)
  object space 105472K, 21% used [0x00000006c7800000,0x00000006c8e3ea70,0x00000006cdf00000)
 Metaspace       used 22644K, capacity 23508K, committed 23600K, reserved 1071104K
  class space    used 2573K, capacity 2779K, committed 2864K, reserved 1048576K
}
Event: 6.864 GC heap before
{Heap before GC invocations=13 (full 1):
 PSYoungGen      total 603136K, used 587104K [0x000000076d300000, 0x000000079e780000, 0x00000007c0000000)
  eden space 584192K, 100% used [0x000000076d300000,0x0000000790d80000,0x0000000790d80000)
  from space 18944K, 15% used [0x0000000790d80000,0x0000000791058010,0x0000000792000000)
  to   space 18944K, 0% used [0x000000079d500000,0x000000079d500000,0x000000079e780000)
 ParOldGen       total 105472K, used 22778K [0x00000006c7800000, 0x00000006cdf00000, 0x000000076d300000)
  object space 105472K, 21% used [0x00000006c7800000,0x00000006c8e3ea70,0x00000006cdf00000)
 Metaspace       used 22645K, capacity 23508K, committed 23600K, reserved 1071104K
  class space    used 2573K, capacity 2779K, committed 2864K, reserved 1048576K
Event: 6.866 GC heap after
Heap after GC invocations=13 (full 1):
 PSYoungGen      total 760832K, used 3232K [0x000000076d300000, 0x000000079da00000, 0x00000007c0000000)
  eden space 755712K, 0% used [0x000000076d300000,0x000000076d300000,0x000000079b500000)
  from space 5120K, 63% used [0x000000079d500000,0x000000079d828010,0x000000079da00000)
  to   space 18944K, 0% used [0x000000079b500000,0x000000079b500000,0x000000079c780000)
 ParOldGen       total 105472K, used 25402K [0x00000006c7800000, 0x00000006cdf00000, 0x000000076d300000)
  object space 105472K, 24% used [0x00000006c7800000,0x00000006c90cea70,0x00000006cdf00000)
 Metaspace       used 22645K, capacity 23508K, committed 23600K, reserved 1071104K
  class space    used 2573K, capacity 2779K, committed 2864K, reserved 1048576K
}
Event: 7.318 GC heap before
{Heap before GC invocations=14 (full 1):
 PSYoungGen      total 760832K, used 758944K [0x000000076d300000, 0x000000079da00000, 0x00000007c0000000)
  eden space 755712K, 100% used [0x000000076d300000,0x000000079b500000,0x000000079b500000)
  from space 5120K, 63% used [0x000000079d500000,0x000000079d828010,0x000000079da00000)
  to   space 18944K, 0% used [0x000000079b500000,0x000000079b500000,0x000000079c780000)
 ParOldGen       total 105472K, used 25402K [0x00000006c7800000, 0x00000006cdf00000, 0x000000076d300000)
  object space 105472K, 24% used [0x00000006c7800000,0x00000006c90cea70,0x00000006cdf00000)
 Metaspace       used 22649K, capacity 23508K, committed 23600K, reserved 1071104K
  class space    used 2573K, capacity 2779K, committed 2864K, reserved 1048576K
Event: 7.332 GC heap after
Heap after GC invocations=14 (full 1):
 PSYoungGen      total 774656K, used 3776K [0x000000076d300000, 0x00000007ac700000, 0x00000007c0000000)
  eden space 755712K, 0% used [0x000000076d300000,0x000000076d300000,0x000000079b500000)
  from space 18944K, 19% used [0x000000079b500000,0x000000079b8b0000,0x000000079c780000)
  to   space 18432K, 0% used [0x00000007ab500000,0x00000007ab500000,0x00000007ac700000)
 ParOldGen       total 105472K, used 28442K [0x00000006c7800000, 0x00000006cdf00000, 0x000000076d300000)
  object space 105472K, 26% used [0x00000006c7800000,0x00000006c93c6a80,0x00000006cdf00000)
 Metaspace       used 22649K, capacity 23508K, committed 23600K, reserved 1071104K
  class space    used 2573K, capacity 2779K, committed 2864K, reserved 1048576K
}
Event: 7.733 GC heap before
{Heap before GC invocations=15 (full 1):
 PSYoungGen      total 774656K, used 759488K [0x000000076d300000, 0x00000007ac700000, 0x00000007c0000000)
  eden space 755712K, 100% used [0x000000076d300000,0x000000079b500000,0x000000079b500000)
  from space 18944K, 19% used [0x000000079b500000,0x000000079b8b0000,0x000000079c780000)
  to   space 18432K, 0% used [0x00000007ab500000,0x00000007ab500000,0x00000007ac700000)
 ParOldGen       total 105472K, used 28442K [0x00000006c7800000, 0x00000006cdf00000, 0x000000076d300000)
  object space 105472K, 26% used [0x00000006c7800000,0x00000006c93c6a80,0x00000006cdf00000)
 Metaspace       used 22658K, capacity 23572K, committed 23856K, reserved 1071104K
  class space    used 2573K, capacity 2779K, committed 2864K, reserved 1048576K
Event: 7.737 GC heap after
Heap after GC invocations=15 (full 1):
 PSYoungGen      total 988160K, used 4416K [0x000000076d300000, 0x00000007ab980000, 0x00000007c0000000)
  eden space 983552K, 0% used [0x000000076d300000,0x000000076d300000,0x00000007a9380000)
  from space 4608K, 95% used [0x00000007ab500000,0x00000007ab950010,0x00000007ab980000)
  to   space 17920K, 0% used [0x00000007a9680000,0x00000007a9680000,0x00000007aa800000)
 ParOldGen       total 105472K, used 32018K [0x00000006c7800000, 0x00000006cdf00000, 0x000000076d300000)
  object space 105472K, 30% used [0x00000006c7800000,0x00000006c9744a80,0x00000006cdf00000)
 Metaspace       used 22658K, capacity 23572K, committed 23856K, reserved 1071104K
  class space    used 2573K, capacity 2779K, committed 2864K, reserved 1048576K
}
Event: 8.708 GC heap before
{Heap before GC invocations=16 (full 1):
 PSYoungGen      total 988160K, used 987968K [0x000000076d300000, 0x00000007ab980000, 0x00000007c0000000)
  eden space 983552K, 100% used [0x000000076d300000,0x00000007a9380000,0x00000007a9380000)
  from space 4608K, 95% used [0x00000007ab500000,0x00000007ab950010,0x00000007ab980000)
  to   space 17920K, 0% used [0x00000007a9680000,0x00000007a9680000,0x00000007aa800000)
 ParOldGen       total 105472K, used 32018K [0x00000006c7800000, 0x00000006cdf00000, 0x000000076d300000)
  object space 105472K, 30% used [0x00000006c7800000,0x00000006c9744a80,0x00000006cdf00000)
 Metaspace       used 22772K, capacity 23636K, committed 23856K, reserved 1071104K
  class space    used 2577K, capacity 2779K, committed 2864K, reserved 1048576K

Deoptimization events (10 events):
Event: 7.886 Thread 0x00007f711800b000 Uncommon trap: reason=unstable_if action=reinterpret pc=0x00007f7109e92e78 method=sun.util.calendar.CalendarUtils.isGregorianLeapYear(I)Z @ 10
Event: 7.886 Thread 0x00007f711800b000 Uncommon trap: reason=unstable_if action=reinterpret pc=0x00007f7109241be0 method=sun.util.calendar.CalendarUtils.isGregorianLeapYear(I)Z @ 10
Event: 7.886 Thread 0x00007f711800b000 Uncommon trap: reason=unstable_if action=reinterpret pc=0x00007f71094c7b58 method=sun.util.calendar.CalendarUtils.isGregorianLeapYear(I)Z @ 10
Event: 7.886 Thread 0x00007f711800b000 Uncommon trap: reason=unstable_if action=reinterpret pc=0x00007f71093107d8 method=sun.util.calendar.CalendarUtils.isGregorianLeapYear(I)Z @ 10
Event: 7.886 Thread 0x00007f711800b000 Uncommon trap: reason=unstable_if action=reinterpret pc=0x00007f7109931908 method=sun.util.calendar.CalendarUtils.isGregorianLeapYear(I)Z @ 10
Event: 8.106 Thread 0x00007f711800b000 Uncommon trap: reason=unstable_if action=reinterpret pc=0x00007f7109bc4668 method=org.codehaus.plexus.archiver.AbstractArchiver$1.hasNext()Z @ 397
Event: 8.131 Thread 0x00007f711800b000 Uncommon trap: reason=unstable_if action=reinterpret pc=0x00007f71093d0c2c method=sun.util.calendar.BaseCalendar$Date.hit(J)Z @ 15
Event: 8.131 Thread 0x00007f711800b000 Uncommon trap: reason=unstable_if action=reinterpret pc=0x00007f71099409c0 method=sun.util.calendar.BaseCalendar.getFixedDate(IIILsun/util/calendar/BaseCalendar$Date;)J @ 7
Event: 8.131 Thread 0x00007f711800b000 Uncommon trap: reason=unstable_if action=reinterpret pc=0x00007f710946a4dc method=sun.util.calendar.CalendarDate.setMillis(I)Lsun/util/calendar/CalendarDate; @ 5
Event: 8.131 Thread 0x00007f711800b000 Uncommon trap: reason=unstable_if action=reinterpret pc=0x00007f71099dd938 method=sun.util.calendar.BaseCalendar$Date.hit(J)Z @ 15

Classes redefined (0 events):
No events

Internal exceptions (10 events):
Event: 2.282 Thread 0x00007f711800b000 Implicit null exception at 0x00007f7109a29175 to 0x00007f7109a2a389
Event: 2.442 Thread 0x00007f711800b000 Implicit null exception at 0x00007f7109cd401e to 0x00007f7109cd4fe1
Event: 2.471 Thread 0x00007f711800b000 Implicit null exception at 0x00007f7109d5f51b to 0x00007f7109d60d49
Event: 3.127 Thread 0x00007f711800b000 Implicit null exception at 0x00007f71091547ce to 0x00007f7109155225
Event: 3.756 Thread 0x00007f711800b000 Implicit null exception at 0x00007f710a085aab to 0x00007f710a08b154
Event: 4.196 Thread 0x00007f711800b000 Implicit null exception at 0x00007f710a1760fd to 0x00007f710a17b1a7
Event: 4.261 Thread 0x00007f711800b000 Implicit null exception at 0x00007f710a18cf34 to 0x00007f710a18da4d
Event: 4.767 Thread 0x00007f711800b000 Implicit null exception at 0x00007f71097064df to 0x00007f7109708791
Event: 5.303 Thread 0x00007f7118926000 Implicit null exception at 0x00007f710933a9f8 to 0x00007f710933b2bd
Event: 5.303 Thread 0x00007f7118e9a000 Implicit null exception at 0x00007f710933a9f8 to 0x00007f710933b2bd

Events (10 events):
Event: 8.143 Thread 0x00007f71180c8800 flushing nmethod 0x00007f7109a32ad0
Event: 8.143 Thread 0x00007f71180c8800 flushing nmethod 0x00007f7109aaa390
Event: 8.143 Thread 0x00007f71180c8800 flushing nmethod 0x00007f7109ae6f10
Event: 8.144 Thread 0x00007f71180c8800 flushing nmethod 0x00007f7109e0abd0
Event: 8.145 Thread 0x00007f71180c8800 flushing nmethod 0x00007f7109f870d0
Event: 8.145 Thread 0x00007f71180c8800 flushing nmethod 0x00007f710a004750
Event: 8.145 Thread 0x00007f71180c8800 flushing nmethod 0x00007f710a112410
Event: 8.537 loading class java/net/Proxy
Event: 8.537 loading class java/net/Proxy done
Event: 8.708 Executing VM operation: ParallelGCFailedAllocation


Dynamic libraries:
00400000-00401000 r-xp 00000000 08:02 22153745                           /usr/java/jdk1.8.0_191/bin/java
00600000-00601000 r--p 00000000 08:02 22153745                           /usr/java/jdk1.8.0_191/bin/java
00601000-00602000 rw-p 00001000 08:02 22153745                           /usr/java/jdk1.8.0_191/bin/java
00882000-008a3000 rw-p 00000000 00:00 0                                  [heap]
6c7800000-6cdf00000 rw-p 00000000 00:00 0 
6cdf00000-76d300000 ---p 00000000 00:00 0 
76d300000-7ab980000 rw-p 00000000 00:00 0 
7bd380000-7c0000000 ---p 00000000 00:00 0 
7c0000000-7c02cc000 rw-p 00000000 00:00 0 
7c02cc000-800000000 ---p 00000000 00:00 0 
7f7088000000-7f7088021000 rw-p 00000000 00:00 0 
7f7088021000-7f708c000000 ---p 00000000 00:00 0 
7f7090000000-7f7090021000 rw-p 00000000 00:00 0 
7f7090021000-7f7094000000 ---p 00000000 00:00 0 
7f7094000000-7f7094021000 rw-p 00000000 00:00 0 
7f7094021000-7f7098000000 ---p 00000000 00:00 0 
7f7098000000-7f7098021000 rw-p 00000000 00:00 0 
7f7098021000-7f709c000000 ---p 00000000 00:00 0 
7f709c000000-7f709c021000 rw-p 00000000 00:00 0 
7f709c021000-7f70a0000000 ---p 00000000 00:00 0 
7f70a0000000-7f70a0021000 rw-p 00000000 00:00 0 
7f70a0021000-7f70a4000000 ---p 00000000 00:00 0 
7f70a4000000-7f70a4021000 rw-p 00000000 00:00 0 
7f70a4021000-7f70a8000000 ---p 00000000 00:00 0 
7f70a8000000-7f70a9439000 rw-p 00000000 00:00 0 
7f70a9439000-7f70ac000000 ---p 00000000 00:00 0 
7f70ac000000-7f70ace30000 rw-p 00000000 00:00 0 
7f70ace30000-7f70b0000000 ---p 00000000 00:00 0 
7f70b0000000-7f70b1680000 rw-p 00000000 00:00 0 
7f70b1680000-7f70b4000000 ---p 00000000 00:00 0 
7f70b4000000-7f70b541c000 rw-p 00000000 00:00 0 
7f70b541c000-7f70b8000000 ---p 00000000 00:00 0 
7f70b8000000-7f70b8021000 rw-p 00000000 00:00 0 
7f70b8021000-7f70bc000000 ---p 00000000 00:00 0 
7f70bc000000-7f70bc021000 rw-p 00000000 00:00 0 
7f70bc021000-7f70c0000000 ---p 00000000 00:00 0 
7f70c0000000-7f70c0021000 rw-p 00000000 00:00 0 
7f70c0021000-7f70c4000000 ---p 00000000 00:00 0 
7f70c43c0000-7f70cc000000 rw-p 00000000 00:00 0 
7f70cc000000-7f70cc021000 rw-p 00000000 00:00 0 
7f70cc021000-7f70d0000000 ---p 00000000 00:00 0 
7f70d0000000-7f70d029d000 rw-p 00000000 00:00 0 
7f70d029d000-7f70d4000000 ---p 00000000 00:00 0 
7f70d4000000-7f70d4021000 rw-p 00000000 00:00 0 
7f70d4021000-7f70d8000000 ---p 00000000 00:00 0 
7f70dc000000-7f70dc021000 rw-p 00000000 00:00 0 
7f70dc021000-7f70e0000000 ---p 00000000 00:00 0 
7f70e4000000-7f70e4021000 rw-p 00000000 00:00 0 
7f70e4021000-7f70e8000000 ---p 00000000 00:00 0 
7f70ec000000-7f70ec021000 rw-p 00000000 00:00 0 
7f70ec021000-7f70f0000000 ---p 00000000 00:00 0 
7f70f4000000-7f70f4021000 rw-p 00000000 00:00 0 
7f70f4021000-7f70f8000000 ---p 00000000 00:00 0 
7f70f8fff000-7f70fc000000 rw-p 00000000 00:00 0 
7f70fc000000-7f70fc021000 rw-p 00000000 00:00 0 
7f70fc021000-7f7100000000 ---p 00000000 00:00 0 
7f7100871000-7f71008c8000 r--s 00362000 08:02 9963434                    /home/prabhatarya/.m2/repository/org/apache/hbase/thirdparty/hbase-shaded-miscellaneous/2.1.0/hbase-shaded-miscellaneous-2.1.0.jar
7f71008c8000-7f71008dc000 r--s 0015a000 08:02 9963424                    /home/prabhatarya/.m2/repository/org/apache/hbase/thirdparty/hbase-shaded-protobuf/2.1.0/hbase-shaded-protobuf-2.1.0.jar
7f71008dc000-7f71008ed000 r--s 004d3000 08:02 12191897                   /home/prabhatarya/.m2/repository/edu/ucar/grib/4.5.5/grib-4.5.5.jar
7f71008f0000-7f71008fd000 r--s 000b3000 08:02 10226169                   /home/prabhatarya/.m2/repository/org/apache/hbase/hbase-common/2.1.1/hbase-common-2.1.1.jar
7f71008fd000-7f7100908000 r--s 0009a000 08:02 11802446                   /home/prabhatarya/.m2/repository/org/apache/jmeter/ApacheJMeter_components/5.0/ApacheJMeter_components-5.0.jar
7f7100908000-7f710091b000 r--s 00157000 08:02 12061224                   /home/prabhatarya/.m2/repository/org/apache/poi/poi-ooxml/3.17/poi-ooxml-3.17.jar
7f7100921000-7f7100922000 r--s 00002000 08:02 12850764                   /home/prabhatarya/Documents/hbaseclient_final/target/hbaseclient-1.0-SNAPSHOT.jar
7f7100922000-7f7100924000 r--s 00009000 08:02 12060605                   /home/prabhatarya/.m2/repository/org/apache/jmeter/ApacheJMeter_java/5.0/ApacheJMeter_java-5.0.jar
7f7100924000-7f7100940000 r--s 00159000 08:02 10095407                   /home/prabhatarya/.m2/repository/org/freemarker/freemarker/2.3.28/freemarker-2.3.28.jar
7f7100940000-7f7100942000 r--s 0000e000 08:02 12192029                   /home/prabhatarya/.m2/repository/org/apache/logging/log4j/log4j-1.2-api/2.11.0/log4j-1.2-api-2.11.0.jar
7f7100942000-7f7100962000 r--s 00167000 08:02 12192025                   /home/prabhatarya/.m2/repository/org/apache/logging/log4j/log4j-core/2.11.0/log4j-core-2.11.0.jar
7f7100962000-7f7100968000 r--s 0003b000 08:02 12192023                   /home/prabhatarya/.m2/repository/org/apache/logging/log4j/log4j-api/2.11.0/log4j-api-2.11.0.jar
7f7100968000-7f710096a000 r--s 00009000 08:02 11537770                   /home/prabhatarya/.m2/repository/org/slf4j/slf4j-ext/1.7.25/slf4j-ext-1.7.25.jar
7f710096a000-7f7100976000 r--s 0010f000 08:02 12192019                   /home/prabhatarya/.m2/repository/com/fifesoft/rsyntaxtextarea/2.6.1/rsyntaxtextarea-2.6.1.jar
7f7100976000-7f710098e000 r--s 0011f000 08:02 12192017                   /home/prabhatarya/.m2/repository/com/helger/ph-commons/9.1.2/ph-commons-9.1.2.jar
7f710098e000-7f7100994000 r--s 00077000 08:02 12192015                   /home/prabhatarya/.m2/repository/com/helger/ph-css/6.1.1/ph-css-6.1.1.jar
7f7100994000-7f710099c000 r--s 0005f000 08:02 12192013                   /home/prabhatarya/.m2/repository/org/mongodb/mongo-java-driver/2.11.3/mongo-java-driver-2.11.3.jar
7f710099c000-7f71009a1000 r--s 00031000 08:02 12192007                   /home/prabhatarya/.m2/repository/org/jodd/jodd-lagarto/4.1.4/jodd-lagarto-4.1.4.jar
7f71009a1000-7f71009a7000 r--s 00064000 08:02 12192005                   /home/prabhatarya/.m2/repository/org/jodd/jodd-core/4.1.4/jodd-core-4.1.4.jar
7f71009a7000-7f71009aa000 r--s 0001b000 08:02 11932717                   /home/prabhatarya/.m2/repository/net/minidev/json-smart/2.3/json-smart-2.3.jar
7f71009aa000-7f71009c3000 r--s 00135000 08:02 9570600                    /home/prabhatarya/.m2/repository/xerces/xercesImpl/2.11.0/xercesImpl-2.11.0.jar
7f71009c3000-7f71009d0000 r--s 00083000 08:02 9699532                    /home/prabhatarya/.m2/repository/commons-collections/commons-collections/3.2.2/commons-collections-3.2.2.jar
7f71009d0000-7f71009d1000 r--s 00005000 08:02 12192027                   /home/prabhatarya/.m2/repository/org/apache/logging/log4j/log4j-slf4j-impl/2.11.0/log4j-slf4j-impl-2.11.0.jar
7f71009d1000-7f71009d2000 r--s 00006000 08:02 12192011                   /home/prabhatarya/.m2/repository/org/jodd/jodd-props/4.1.4/jodd-props-4.1.4.jar
7f71009d2000-7f71009d8000 r--s 00031000 08:02 12192145                   /home/prabhatarya/.m2/repository/com/jayway/jsonpath/json-path/2.4.0/json-path-2.4.0.jar
7f71009d8000-7f71009da000 r--s 00006000 08:02 11669367                   /home/prabhatarya/.m2/repository/org/apache/geronimo/specs/geronimo-jms_1.1_spec/1.1.1/geronimo-jms_1.1_spec-1.1.1.jar
7f71009da000-7f71009e1000 r--s 00078000 08:02 12192001                   /home/prabhatarya/.m2/repository/javax/mail/mail/1.5.0-b01/mail-1.5.0-b01.jar
7f71009e1000-7f71009e4000 r--s 00011000 08:02 12191999                   /home/prabhatarya/.m2/repository/com/sun/activation/javax.activation/1.2.0/javax.activation-1.2.0.jar
7f71009e4000-7f71009f2000 r--s 000b1000 08:02 10095212                   /home/prabhatarya/.m2/repository/org/codehaus/jackson/jackson-mapper-asl/1.9.13/jackson-mapper-asl-1.9.13.jar
7f71009f2000-7f71009f3000 r--s 00004000 08:02 12192009                   /home/prabhatarya/.m2/repository/org/jodd/jodd-log/4.1.4/jodd-log-4.1.4.jar
7f71009f3000-7f71009f5000 r--s 0000c000 08:02 12191997                   /home/prabhatarya/.m2/repository/javax/activation/javax.activation-api/1.2.0/javax.activation-api-1.2.0.jar
7f71009f5000-7f7100a00000 r--s 00093000 08:02 12191995                   /home/prabhatarya/.m2/repository/org/apache/xmlgraphics/xmlgraphics-commons/2.2/xmlgraphics-commons-2.2.jar
7f7100a00000-7f7100a37000 r--s 00498000 08:02 12191993                   /home/prabhatarya/.m2/repository/net/sf/saxon/Saxon-HE/9.8.0-12/Saxon-HE-9.8.0-12.jar
7f7100a37000-7f7100a40000 r--s 0002d000 08:02 9570602                    /home/prabhatarya/.m2/repository/xml-apis/xml-apis/1.4.01/xml-apis-1.4.01.jar
7f7100a40000-7f7100a44000 r--s 00040000 08:02 9570596                    /home/prabhatarya/.m2/repository/xalan/serializer/2.7.2/serializer-2.7.2.jar
7f7100a44000-7f7100a69000 r--s 002de000 08:02 9570598                    /home/prabhatarya/.m2/repository/xalan/xalan/2.7.2/xalan-2.7.2.jar
7f7100a69000-7f7100a6b000 r--s 00005000 08:02 11141226                   /home/prabhatarya/.m2/repository/xpp3/xpp3_min/1.1.4c/xpp3_min-1.1.4c.jar
7f7100a6b000-7f7100a6c000 r--s 00001000 08:02 11141224                   /home/prabhatarya/.m2/repository/xmlpull/xmlpull/1.1.3.1/xmlpull-1.1.3.1.jar
7f7100a6c000-7f7100a7a000 r--s 00082000 08:02 12191991                   /home/prabhatarya/.m2/repository/com/thoughtworks/xstream/xstream/1.4.10/xstream-1.4.10.jar
7f7100a7a000-7f7100a85000 r--s 00088000 08:02 12191989                   /home/prabhatarya/.m2/repository/com/github/jai-imageio/jai-imageio-core/1.3.1/jai-imageio-core-1.3.1.jar
7f7100a85000-7f7100a89000 r--s 00022000 08:02 12191987                   /home/prabhatarya/.m2/repository/org/apache/pdfbox/jbig2-imageio/3.0.0/jbig2-imageio-3.0.0.jar
7f7100a89000-7f7100a8f000 r--s 00045000 08:02 11141220                   /home/prabhatarya/.m2/repository/org/jdom/jdom2/2.0.6/jdom2-2.0.6.jar
7f7100a8f000-7f7100aa8000 r--s 0016c000 08:02 12191981                   /home/prabhatarya/.m2/repository/org/apache/uima/uimaj-core/2.9.0/uimaj-core-2.9.0.jar
7f7100aa8000-7f7100aac000 r--s 0002c000 08:02 12192140                   /home/prabhatarya/.m2/repository/org/springframework/spring-expression/3.2.16.RELEASE/spring-expression-3.2.16.RELEASE.jar
7f7100aac000-7f7100ab8000 r--s 0008a000 08:02 12192143                   /home/prabhatarya/.m2/repository/org/springframework/spring-beans/3.2.16.RELEASE/spring-beans-3.2.16.RELEASE.jar
7f7100ab8000-7f7100aba000 r--s 00000000 08:02 10356082                   /home/prabhatarya/.m2/repository/aopalliance/aopalliance/1.0/aopalliance-1.0.jar
7f7100aba000-7f7100ac2000 r--s 0004b000 08:02 12192141                   /home/prabhatarya/.m2/repository/org/springframework/spring-aop/3.2.16.RELEASE/spring-aop-3.2.16.RELEASE.jar
7f7100ac2000-7f7100ad7000 r--s 000c0000 08:02 12192138                   /home/prabhatarya/.m2/repository/org/springframework/spring-context/3.2.16.RELEASE/spring-context-3.2.16.RELEASE.jar
7f7100ad7000-7f7100ae9000 r--s 000c7000 08:02 12192139                   /home/prabhatarya/.m2/repository/org/springframework/spring-core/3.2.16.RELEASE/spring-core-3.2.16.RELEASE.jar
7f7100ae9000-7f7100aec000 r--s 00027000 08:02 12191979                   /home/prabhatarya/.m2/repository/org/apache/uima/uimafit-core/2.2.0/uimafit-core-2.2.0.jar
7f7100aec000-7f7100aee000 r--s 00006000 08:02 12191977                   /home/prabhatarya/.m2/repository/edu/usc/ir/sentiment-analysis-parser/0.1/sentiment-analysis-parser-0.1.jar
7f7100aee000-7f7100b00000 r--s 00100000 08:02 12191971                   /home/prabhatarya/.m2/repository/org/apache/sis/core/sis-referencing/0.8/sis-referencing-0.8.jar
7f7100b00000-7f7100b0c000 r--s 00091000 08:02 12191973                   /home/prabhatarya/.m2/repository/org/apache/sis/core/sis-metadata/0.8/sis-metadata-0.8.jar
7f7100b0c000-7f7100b0f000 r--s 00021000 08:02 12191969                   /home/prabhatarya/.m2/repository/org/apache/sis/core/sis-feature/0.8/sis-feature-0.8.jar
7f7100b0f000-7f7100b14000 r--s 0002b000 08:02 12191967                   /home/prabhatarya/.m2/repository/org/apache/sis/storage/sis-storage/0.8/sis-storage-0.8.jar
7f7100b14000-7f7100b16000 r--s 00010000 08:02 12191965                   /home/prabhatarya/.m2/repository/org/apache/sis/storage/sis-netcdf/0.8/sis-netcdf-0.8.jar
7f7100b16000-7f7100b1d000 r--s 0002e000 08:02 12191975                   /home/prabhatarya/.m2/repository/org/opengis/geoapi/3.0.1/geoapi-3.0.1.jar
7f7100b1d000-7f7100b1f000 r--s 00005000 08:02 12191963                   /home/prabhatarya/.m2/repository/javax/measure/unit-api/1.0/unit-api-1.0.jar
7f7100b1f000-7f7100b2e000 r--s 000bd000 08:02 12191961                   /home/prabhatarya/.m2/repository/org/apache/sis/core/sis-utility/0.8/sis-utility-0.8.jar
7f7100b2e000-7f7100b30000 r--s 00007000 08:02 12191959                   /home/prabhatarya/.m2/repository/org/apache/commons/commons-csv/1.0/commons-csv-1.0.jar
7f7100b30000-7f7100b36000 r--s 0005a000 08:02 12192003                   /home/prabhatarya/.m2/repository/org/jsoup/jsoup/1.11.2/jsoup-1.11.2.jar
7f7100b36000-7f7100b4f000 r--s 0019a000 08:02 10226167                   /home/prabhatarya/.m2/repository/org/apache/hbase/hbase-client/2.1.1/hbase-client-2.1.1.jar
7f7100b4f000-7f7100bcf000 rw-p 00000000 00:00 0 
7f7100bcf000-7f7100d4f000 ---p 00000000 00:00 0 
7f7100d4f000-7f7100d52000 ---p 00000000 00:00 0 
7f7100d52000-7f7100e50000 rw-p 00000000 00:00 0 
7f7100e50000-7f7100e53000 ---p 00000000 00:00 0 
7f7100e53000-7f7100f51000 rw-p 00000000 00:00 0 
7f7100f51000-7f7100f54000 ---p 00000000 00:00 0 
7f7100f54000-7f7101052000 rw-p 00000000 00:00 0 
7f7101052000-7f7101055000 ---p 00000000 00:00 0 
7f7101055000-7f7101153000 rw-p 00000000 00:00 0 
7f7101153000-7f7101156000 ---p 00000000 00:00 0 
7f7101156000-7f7101254000 rw-p 00000000 00:00 0 
7f7101254000-7f7101255000 r--s 00005000 08:02 10356612                   /home/prabhatarya/.m2/repository/org/apache/maven/shared/maven-repository-builder/1.0-alpha-2/maven-repository-builder-1.0-alpha-2.jar
7f7101255000-7f7101259000 r--s 00037000 08:02 10356685                   /home/prabhatarya/.m2/repository/org/codehaus/plexus/plexus-utils/3.0.15/plexus-utils-3.0.15.jar
7f7101259000-7f710125c000 r--s 0000c000 08:02 10356696                   /home/prabhatarya/.m2/repository/org/codehaus/plexus/plexus-io/2.0.9/plexus-io-2.0.9.jar
7f710125c000-7f710125f000 r--s 00023000 08:02 9700921                    /home/prabhatarya/.m2/repository/org/apache/maven/shared/maven-shared-utils/0.3/maven-shared-utils-0.3.jar
7f710125f000-7f7101261000 r--s 00009000 08:02 10356694                   /home/prabhatarya/.m2/repository/org/apache/maven/shared/maven-filtering/1.2/maven-filtering-1.2.jar
7f7101261000-7f7101263000 r--s 00008000 08:02 10356584                   /home/prabhatarya/.m2/repository/org/apache/maven/shared/maven-shared-io/1.1/maven-shared-io-1.1.jar
7f7101263000-7f7101265000 r--s 00006000 08:02 10356582                   /home/prabhatarya/.m2/repository/org/apache/maven/shared/file-management/1.1/file-management-1.1.jar
7f7101265000-7f7101269000 r--s 00014000 08:02 10356692                   /home/prabhatarya/.m2/repository/org/tukaani/xz/1.2/xz-1.2.jar
7f7101269000-7f710126e000 r--s 0003a000 08:02 10356690                   /home/prabhatarya/.m2/repository/org/apache/commons/commons-compress/1.5/commons-compress-1.5.jar
7f710126e000-7f7101273000 r--s 00024000 08:02 10356688                   /home/prabhatarya/.m2/repository/org/codehaus/plexus/plexus-archiver/2.4.4/plexus-archiver-2.4.4.jar
7f7101273000-7f7101276000 r--s 0000d000 08:02 10356686                   /home/prabhatarya/.m2/repository/org/codehaus/plexus/plexus-interpolation/1.19/plexus-interpolation-1.19.jar
7f7101276000-7f7101278000 r--s 00006000 08:02 10356684                   /home/prabhatarya/.m2/repository/org/apache/maven/shared/maven-common-artifact-filters/1.4/maven-common-artifact-filters-1.4.jar
7f7101278000-7f710127a000 r--s 00002000 08:02 9700925                    /home/prabhatarya/.m2/repository/org/sonatype/plexus/plexus-cipher/1.4/plexus-cipher-1.4.jar
7f710127a000-7f710127b000 r--s 00006000 08:02 9700923                    /home/prabhatarya/.m2/repository/org/sonatype/plexus/plexus-sec-dispatcher/1.3/plexus-sec-dispatcher-1.3.jar
7f710127b000-7f7101283000 r--s 00049000 08:02 9700976                    /home/prabhatarya/.m2/repository/backport-util-concurrent/backport-util-concurrent/3.1/backport-util-concurrent-3.1.jar
7f7101283000-7f7101285000 r--s 00009000 08:02 10356683                   /home/prabhatarya/.m2/repository/commons-cli/commons-cli/1.2/commons-cli-1.2.jar
7f7101285000-7f7101286000 r--s 00002000 08:02 10356681                   /home/prabhatarya/.m2/repository/org/apache/maven/doxia/doxia-logging-api/1.1/doxia-logging-api-1.1.jar
7f7101286000-7f7101288000 r--s 00002000 08:02 10356678                   /home/prabhatarya/.m2/repository/org/apache/maven/doxia/doxia-sink-api/1.1/doxia-sink-api-1.1.jar
7f7101288000-7f7101289000 r--s 00002000 08:02 10356676                   /home/prabhatarya/.m2/repository/org/apache/maven/reporting/maven-reporting-api/2.2.1/maven-reporting-api-2.2.1.jar
7f7101289000-7f710128b000 r--s 00003000 08:02 9700964                    /home/prabhatarya/.m2/repository/org/slf4j/jcl-over-slf4j/1.5.6/jcl-over-slf4j-1.5.6.jar
7f710128b000-7f710128d000 r--s 00001000 08:02 9700956                    /home/prabhatarya/.m2/repository/org/slf4j/slf4j-jdk14/1.5.6/slf4j-jdk14-1.5.6.jar
7f710128d000-7f710148d000 rw-p 00000000 00:00 0 
7f710148d000-7f7101491000 r--s 00031000 08:02 10356615                   /home/prabhatarya/.m2/repository/org/apache/maven/plugins/maven-assembly-plugin/2.4.1/maven-assembly-plugin-2.4.1.jar
7f7101491000-7f7101495000 r--s 00034000 08:02 9699589                    /home/prabhatarya/.m2/repository/org/codehaus/plexus/plexus-utils/3.0/plexus-utils-3.0.jar
7f7101495000-7f7101499000 r--s 0002f000 08:02 10092833                   /home/prabhatarya/.m2/repository/commons-lang/commons-lang/2.1/commons-lang-2.1.jar
7f7101499000-7f710149c000 r--s 0000c000 08:02 10092831                   /home/prabhatarya/.m2/repository/org/codehaus/plexus/plexus-io/2.0.2/plexus-io-2.0.2.jar
7f710149c000-7f71014a1000 r--s 00029000 08:02 10092829                   /home/prabhatarya/.m2/repository/org/codehaus/plexus/plexus-archiver/2.1/plexus-archiver-2.1.jar
7f71014a1000-7f71014a3000 r--s 0000d000 08:02 10092827                   /home/prabhatarya/.m2/repository/org/codehaus/plexus/plexus-interpolation/1.15/plexus-interpolation-1.15.jar
7f71014a3000-7f71014a5000 r--s 00004000 08:02 10092825                   /home/prabhatarya/.m2/repository/org/apache/maven/maven-archiver/2.5/maven-archiver-2.5.jar
7f71014a5000-7f71014a7000 r--s 00007000 08:02 9569599                    /home/prabhatarya/.m2/repository/org/apache/maven/plugins/maven-jar-plugin/2.4/maven-jar-plugin-2.4.jar
7f71014a7000-7f71014a8000 r--s 00003000 08:02 10356184                   /home/prabhatarya/.m2/repository/org/apache/maven/plugin-tools/maven-plugin-annotations/3.2/maven-plugin-annotations-3.2.jar
7f71014a8000-7f71014ac000 r--s 00020000 08:02 10356182                   /home/prabhatarya/.m2/repository/org/apache/maven/surefire/surefire-api/2.17/surefire-api-2.17.jar
7f71014ac000-7f71014b2000 r--s 00048000 08:02 10092929                   /home/prabhatarya/.m2/repository/org/apache/commons/commons-lang3/3.1/commons-lang3-3.1.jar
7f71014b2000-7f71014b3000 r--s 00002000 08:02 10092936                   /home/prabhatarya/.m2/repository/org/apache/maven/reporting/maven-reporting-api/2.0.9/maven-reporting-api-2.0.9.jar
7f71014b3000-7f71014b5000 r--s 00008000 08:02 10356180                   /home/prabhatarya/.m2/repository/org/apache/maven/surefire/surefire-booter/2.17/surefire-booter-2.17.jar
7f71014b5000-7f71014ba000 r--s 0003c000 08:02 10356178                   /home/prabhatarya/.m2/repository/org/apache/maven/surefire/maven-surefire-common/2.17/maven-surefire-common-2.17.jar
7f71014ba000-7f71014bc000 r--s 00007000 08:02 9569592                    /home/prabhatarya/.m2/repository/org/apache/maven/plugins/maven-surefire-plugin/2.17/maven-surefire-plugin-2.17.jar
7f71014bc000-7f71016bc000 rw-p 00000000 00:00 0 
7f71016bc000-7f71016bf000 r--s 0001b000 08:02 9700230                    /home/prabhatarya/.m2/repository/junit/junit/3.8.2/junit-3.8.2.jar
7f71016bf000-7f71016cd000 r--s 0008f000 08:02 9700228                    /home/prabhatarya/.m2/repository/com/google/collections/google-collections/1.0/google-collections-1.0.jar
7f71016cd000-7f71016ce000 r--s 0000a000 08:02 9700226                    /home/prabhatarya/.m2/repository/commons-logging/commons-logging-api/1.1/commons-logging-api-1.1.jar
7f71016ce000-7f71016d5000 r--s 00051000 08:02 9700224                    /home/prabhatarya/.m2/repository/log4j/log4j/1.2.12/log4j-1.2.12.jar
7f71016d5000-7f71016d9000 r--s 0001d000 08:02 9700209                    /home/prabhatarya/.m2/repository/org/apache/xbean/xbean-reflect/3.4/xbean-reflect-3.4.jar
7f71016d9000-7f71016da000 r--s 00004000 08:02 9700216                    /home/prabhatarya/.m2/repository/org/codehaus/plexus/plexus-compiler-javac/2.4/plexus-compiler-javac-2.4.jar
7f71016da000-7f71016dc000 r--s 00000000 08:02 9700205                    /home/prabhatarya/.m2/repository/org/codehaus/plexus/plexus-compiler-manager/2.4/plexus-compiler-manager-2.4.jar
7f71016dc000-7f71016de000 r--s 00005000 08:02 9700213                    /home/prabhatarya/.m2/repository/org/codehaus/plexus/plexus-compiler-api/2.4/plexus-compiler-api-2.4.jar
7f71016de000-7f71016e0000 r--s 00000000 08:02 9700210                    /home/prabhatarya/.m2/repository/org/codehaus/plexus/plexus-component-annotations/1.5.5/plexus-component-annotations-1.5.5.jar
7f71016e0000-7f71016e2000 r--s 00002000 08:02 9700211                    /home/prabhatarya/.m2/repository/org/apache/maven/shared/maven-shared-incremental/1.1/maven-shared-incremental-1.1.jar
7f71016e2000-7f71016e4000 r--s 00006000 08:02 9700206                    /home/prabhatarya/.m2/repository/com/google/code/findbugs/jsr305/2.0.1/jsr305-2.0.1.jar
7f71016e4000-7f71016e7000 r--s 00023000 08:02 9700197                    /home/prabhatarya/.m2/repository/org/apache/maven/shared/maven-shared-utils/0.1/maven-shared-utils-0.1.jar
7f71016e7000-7f71016eb000 r--s 00030000 08:02 9700176                    /home/prabhatarya/.m2/repository/org/codehaus/plexus/plexus-utils/1.5.1/plexus-utils-1.5.1.jar
7f71016eb000-7f71016ed000 r--s 0000a000 08:02 9569571                    /home/prabhatarya/.m2/repository/org/apache/maven/plugins/maven-compiler-plugin/3.2/maven-compiler-plugin-3.2.jar
7f71016ed000-7f71016ef000 r--s 0000d000 08:02 9699804                    /home/prabhatarya/.m2/repository/org/codehaus/plexus/plexus-interpolation/1.13/plexus-interpolation-1.13.jar
7f71016ef000-7f71016f0000 r--s 00001000 08:02 9699841                    /home/prabhatarya/.m2/repository/org/sonatype/plexus/plexus-build-api/0.0.4/plexus-build-api-0.0.4.jar
7f71016f0000-7f71016f2000 r--s 00009000 08:02 9699839                    /home/prabhatarya/.m2/repository/org/apache/maven/shared/maven-filtering/1.1/maven-filtering-1.1.jar
7f71016f2000-7f71016f6000 r--s 00033000 08:02 9699837                    /home/prabhatarya/.m2/repository/org/codehaus/plexus/plexus-utils/2.0.5/plexus-utils-2.0.5.jar
7f71016f6000-7f71016f9000 r--s 0001b000 08:02 9699830                    /home/prabhatarya/.m2/repository/junit/junit/3.8.1/junit-3.8.1.jar
7f71016f9000-7f71016fb000 r--s 00002000 08:02 9699822                    /home/prabhatarya/.m2/repository/org/codehaus/plexus/plexus-interactivity-api/1.0-alpha-4/plexus-interactivity-api-1.0-alpha-4.jar
7f71016fb000-7f71016fd000 r--s 00006000 08:02 9699819                    /home/prabhatarya/.m2/repository/commons-cli/commons-cli/1.0/commons-cli-1.0.jar
7f71016fd000-7f71016fe000 r--s 00001000 08:02 9699802                    /home/prabhatarya/.m2/repository/org/apache/maven/doxia/doxia-sink-api/1.0-alpha-7/doxia-sink-api-1.0-alpha-7.jar
7f71016fe000-7f7101700000 r--s 00006000 08:02 9569552                    /home/prabhatarya/.m2/repository/org/apache/maven/plugins/maven-resources-plugin/2.6/maven-resources-plugin-2.6.jar
7f7101700000-7f7101900000 rw-p 00000000 00:00 0 
7f7101900000-7f7101911000 r-xp 00000000 08:02 26479952                   /usr/java/jdk1.8.0_191/jre/lib/amd64/libnio.so
7f7101911000-7f7101b10000 ---p 00011000 08:02 26479952                   /usr/java/jdk1.8.0_191/jre/lib/amd64/libnio.so
7f7101b10000-7f7101b11000 r--p 00010000 08:02 26479952                   /usr/java/jdk1.8.0_191/jre/lib/amd64/libnio.so
7f7101b11000-7f7101b12000 rw-p 00011000 08:02 26479952                   /usr/java/jdk1.8.0_191/jre/lib/amd64/libnio.so
7f7101b12000-7f7101b28000 r-xp 00000000 08:02 26479949                   /usr/java/jdk1.8.0_191/jre/lib/amd64/libnet.so
7f7101b28000-7f7101d27000 ---p 00016000 08:02 26479949                   /usr/java/jdk1.8.0_191/jre/lib/amd64/libnet.so
7f7101d27000-7f7101d28000 r--p 00015000 08:02 26479949                   /usr/java/jdk1.8.0_191/jre/lib/amd64/libnet.so
7f7101d28000-7f7101d29000 rw-p 00016000 08:02 26479949                   /usr/java/jdk1.8.0_191/jre/lib/amd64/libnet.so
7f7101d29000-7f7101d2e000 r--s 000a0000 08:02 26479789                   /usr/java/jdk1.8.0_191/jre/lib/jsse.jar
7f7101d2e000-7f7101f2e000 rw-p 00000000 00:00 0 
7f7101f2e000-7f710212e000 rw-p 00000000 00:00 0 
7f710212e000-7f710232e000 rw-p 00000000 00:00 0 
7f710232e000-7f710232f000 ---p 00000000 00:00 0 
7f710232f000-7f710242f000 rw-p 00000000 00:00 0 
7f710242f000-7f7102432000 ---p 00000000 00:00 0 
7f7102432000-7f7102530000 rw-p 00000000 00:00 0 
7f7102530000-7f7102533000 ---p 00000000 00:00 0 
7f7102533000-7f7102631000 rw-p 00000000 00:00 0 
7f7102631000-7f7102634000 ---p 00000000 00:00 0 
7f7102634000-7f7102732000 rw-p 00000000 00:00 0 
7f7102732000-7f7102735000 ---p 00000000 00:00 0 
7f7102735000-7f7102833000 rw-p 00000000 00:00 0 
7f7102833000-7f7102836000 ---p 00000000 00:00 0 
7f7102836000-7f7102934000 rw-p 00000000 00:00 0 
7f7102934000-7f7102937000 ---p 00000000 00:00 0 
7f7102937000-7f7102a35000 rw-p 00000000 00:00 0 
7f7102a35000-7f71033f4000 r--p 00000000 08:02 22027062                   /usr/lib/locale/locale-archive
7f71033f4000-7f71033f7000 ---p 00000000 00:00 0 
7f71033f7000-7f71034f5000 rw-p 00000000 00:00 0 
7f71034f5000-7f71034f8000 ---p 00000000 00:00 0 
7f71034f8000-7f71035f6000 rw-p 00000000 00:00 0 
7f71035f6000-7f71035f7000 ---p 00000000 00:00 0 
7f71035f7000-7f7104000000 rw-p 00000000 00:00 0 
7f7104000000-7f7104021000 rw-p 00000000 00:00 0 
7f7104021000-7f7108000000 ---p 00000000 00:00 0 
7f7108000000-7f7108001000 r--s 00002000 08:02 9699809                    /home/prabhatarya/.m2/repository/org/apache/maven/reporting/maven-reporting-api/2.0.6/maven-reporting-api-2.0.6.jar
7f7108001000-7f7108003000 r--s 00001000 08:02 22555536                   /usr/share/java/maven3-builder-support-3.3.9.jar
7f7108003000-7f7108011000 r--s 00095000 08:02 22555401                   /usr/share/java/guice.jar
7f7108011000-7f7108012000 r--s 00008000 08:02 22555380                   /usr/share/java/eclipse-aether-connector-basic.jar
7f7108012000-7f7108013000 r--s 00006000 08:02 22555449                   /usr/share/java/plexus-sec-dispatcher.jar
7f7108013000-7f7108014000 r--s 00002000 08:02 22554536                   /usr/share/java/slf4j-simple.jar
7f7108014000-7f7108016000 r--s 0000a000 08:02 22555510                   /usr/share/java/wagon-provider-api-2.x.jar
7f7108016000-7f710801a000 r--s 00027000 08:02 22553341                   /usr/share/java/commons-io-2.4.jar
7f710801a000-7f710801c000 r--s 0000e000 08:02 22554518                   /usr/share/java/plexus-interpolation.jar
7f710801c000-7f7108021000 r--s 00040000 08:02 22553409                   /usr/share/java/commons-lang-2.6.jar
7f7108021000-7f7108026000 r--s 00025000 08:02 22555531                   /usr/share/java/maven3-model-builder-3.3.9.jar
7f7108026000-7f710802d000 r--s 0005d000 08:02 22553413                   /usr/share/java/commons-lang3.jar
7f710802d000-7f710802f000 r--s 00000000 08:02 22555497                   /usr/share/java/plexus-component-annotations-1.5.jar
7f710802f000-7f7108033000 r--s 00038000 08:02 22555493                   /usr/share/java/plexus-utils2.jar
7f7108033000-7f7108035000 r--s 0000d000 08:02 22555534                   /usr/share/java/maven3-aether-provider-3.3.9.jar
7f7108035000-7f7108037000 r--s 00001000 08:02 22555396                   /usr/share/java/aopalliance-1.0.jar
7f7108037000-7f7108068000 r--s 00207000 08:02 22555513                   /usr/share/java/wagon-http-shaded-2.x.jar
7f7108068000-7f710806a000 r--s 00005000 08:02 22555383                   /usr/share/java/eclipse-aether-transport-wagon.jar
7f710806a000-7f7108077000 r--s 0008d000 08:02 22555529                   /usr/share/java/maven3-core-3.3.9.jar
7f7108077000-7f7108079000 r--s 00002000 08:02 22555447                   /usr/share/java/plexus-cipher.jar
7f7108079000-7f710807a000 r--s 00001000 08:02 22555509                   /usr/share/java/wagon-file-2.x.jar
7f710807a000-7f710807c000 r--s 0000a000 08:02 22553108                   /usr/share/java/commons-cli-1.3.1.jar
7f710807c000-7f7108083000 r--s 00041000 08:02 22555528                   /usr/share/java/maven3-compat-3.3.9.jar
7f7108083000-7f710808b000 r--s 00054000 08:02 22555505                   /usr/share/java/sisu-inject.jar
7f710808b000-7f7108092000 r--s 0002c000 08:02 22555507                   /usr/share/java/sisu-plexus.jar
7f7108092000-7f71080be000 r--s 00208000 08:02 22555324                   /usr/share/java/guava.jar
7f71080be000-7f71080c0000 r--s 00006000 08:02 22555382                   /usr/share/java/eclipse-aether-spi.jar
7f71080c0000-7f71080c4000 r--s 00020000 08:02 22555385                   /usr/share/java/eclipse-aether-util.jar
7f71080c4000-7f71080c6000 r--s 0000a000 08:02 22555527                   /usr/share/java/maven3-plugin-api-3.3.9.jar
7f71080c6000-7f71080c9000 r--s 0000a000 08:02 22555537                   /usr/share/java/maven3-artifact-3.3.9.jar
7f71080c9000-7f7109000000 rw-p 00000000 00:00 0 
7f7109000000-7f710a240000 rwxp 00000000 00:00 0 
7f710a240000-7f7118000000 ---p 00000000 00:00 0 
7f7118000000-7f7118f5e000 rw-p 00000000 00:00 0 
7f7118f5e000-7f711c000000 ---p 00000000 00:00 0 
7f711c000000-7f711c001000 r--s 00006000 08:02 22555530                   /usr/share/java/maven3-repository-metadata-3.3.9.jar
7f711c001000-7f711c002000 r--s 00001000 08:02 22555516                   /usr/share/java/wagon-http-shared-2.x.jar
7f711c002000-7f711c003000 r--s 00004000 08:02 22551423                   /usr/share/java/atinject-jsr330-tck-1.0.jar
7f711c003000-7f711c007000 r--s 00027000 08:02 22555377                   /usr/share/java/eclipse-aether-impl.jar
7f711c007000-7f711c009000 r--s 00012000 08:02 22552396                   /usr/share/java/el-api-3.0.jar
7f711c009000-7f711c00c000 r--s 00008000 08:02 22552463                   /usr/share/java/cdi-api-1.0.jar
7f711c00c000-7f711c45f000 rw-p 00000000 00:00 0 
7f711c45f000-7f711c639000 r--s 03d6c000 08:02 26479732                   /usr/java/jdk1.8.0_191/jre/lib/rt.jar
7f711c639000-7f711d673000 rw-p 00000000 00:00 0 
7f711d673000-7f711d674000 ---p 00000000 00:00 0 
7f711d674000-7f711d774000 rw-p 00000000 00:00 0 
7f711d774000-7f711d775000 ---p 00000000 00:00 0 
7f711d775000-7f711d875000 rw-p 00000000 00:00 0 
7f711d875000-7f711d876000 ---p 00000000 00:00 0 
7f711d876000-7f711d976000 rw-p 00000000 00:00 0 
7f711d976000-7f711d977000 ---p 00000000 00:00 0 
7f711d977000-7f711da77000 rw-p 00000000 00:00 0 
7f711da77000-7f711da78000 ---p 00000000 00:00 0 
7f711da78000-7f711db78000 rw-p 00000000 00:00 0 
7f711db78000-7f711db79000 ---p 00000000 00:00 0 
7f711db79000-7f711dc79000 rw-p 00000000 00:00 0 
7f711dc79000-7f711dc7a000 ---p 00000000 00:00 0 
7f711dc7a000-7f711dd7a000 rw-p 00000000 00:00 0 
7f711dd7a000-7f711dd7b000 ---p 00000000 00:00 0 
7f711dd7b000-7f711deaf000 rw-p 00000000 00:00 0 
7f711deaf000-7f711e3a9000 ---p 00000000 00:00 0 
7f711e3a9000-7f711e3dd000 rw-p 00000000 00:00 0 
7f711e3dd000-7f711e8d6000 ---p 00000000 00:00 0 
7f711e8d6000-7f711eaca000 rw-p 00000000 00:00 0 
7f711eaca000-7f711eb6d000 ---p 00000000 00:00 0 
7f711eb6d000-7f711ebb7000 rw-p 00000000 00:00 0 
7f711ebb7000-7f711ef2e000 ---p 00000000 00:00 0 
7f711ef2e000-7f711ef48000 r-xp 00000000 08:02 26479945                   /usr/java/jdk1.8.0_191/jre/lib/amd64/libzip.so
7f711ef48000-7f711f148000 ---p 0001a000 08:02 26479945                   /usr/java/jdk1.8.0_191/jre/lib/amd64/libzip.so
7f711f148000-7f711f149000 r--p 0001a000 08:02 26479945                   /usr/java/jdk1.8.0_191/jre/lib/amd64/libzip.so
7f711f149000-7f711f14a000 rw-p 0001b000 08:02 26479945                   /usr/java/jdk1.8.0_191/jre/lib/amd64/libzip.so
7f711f14a000-7f711f155000 r-xp 00000000 08:02 13374109                   /lib/x86_64-linux-gnu/libnss_files-2.23.so
7f711f155000-7f711f354000 ---p 0000b000 08:02 13374109                   /lib/x86_64-linux-gnu/libnss_files-2.23.so
7f711f354000-7f711f355000 r--p 0000a000 08:02 13374109                   /lib/x86_64-linux-gnu/libnss_files-2.23.so
7f711f355000-7f711f356000 rw-p 0000b000 08:02 13374109                   /lib/x86_64-linux-gnu/libnss_files-2.23.so
7f711f356000-7f711f35c000 rw-p 00000000 00:00 0 
7f711f35c000-7f711f367000 r-xp 00000000 08:02 13374119                   /lib/x86_64-linux-gnu/libnss_nis-2.23.so
7f711f367000-7f711f566000 ---p 0000b000 08:02 13374119                   /lib/x86_64-linux-gnu/libnss_nis-2.23.so
7f711f566000-7f711f567000 r--p 0000a000 08:02 13374119                   /lib/x86_64-linux-gnu/libnss_nis-2.23.so
7f711f567000-7f711f568000 rw-p 0000b000 08:02 13374119                   /lib/x86_64-linux-gnu/libnss_nis-2.23.so
7f711f568000-7f711f57e000 r-xp 00000000 08:02 13374103                   /lib/x86_64-linux-gnu/libnsl-2.23.so
7f711f57e000-7f711f77d000 ---p 00016000 08:02 13374103                   /lib/x86_64-linux-gnu/libnsl-2.23.so
7f711f77d000-7f711f77e000 r--p 00015000 08:02 13374103                   /lib/x86_64-linux-gnu/libnsl-2.23.so
7f711f77e000-7f711f77f000 rw-p 00016000 08:02 13374103                   /lib/x86_64-linux-gnu/libnsl-2.23.so
7f711f77f000-7f711f781000 rw-p 00000000 00:00 0 
7f711f781000-7f711f789000 r-xp 00000000 08:02 13374105                   /lib/x86_64-linux-gnu/libnss_compat-2.23.so
7f711f789000-7f711f988000 ---p 00008000 08:02 13374105                   /lib/x86_64-linux-gnu/libnss_compat-2.23.so
7f711f988000-7f711f989000 r--p 00007000 08:02 13374105                   /lib/x86_64-linux-gnu/libnss_compat-2.23.so
7f711f989000-7f711f98a000 rw-p 00008000 08:02 13374105                   /lib/x86_64-linux-gnu/libnss_compat-2.23.so
7f711f98a000-7f711f9b7000 r-xp 00000000 08:02 26479939                   /usr/java/jdk1.8.0_191/jre/lib/amd64/libjava.so
7f711f9b7000-7f711fbb6000 ---p 0002d000 08:02 26479939                   /usr/java/jdk1.8.0_191/jre/lib/amd64/libjava.so
7f711fbb6000-7f711fbb7000 r--p 0002c000 08:02 26479939                   /usr/java/jdk1.8.0_191/jre/lib/amd64/libjava.so
7f711fbb7000-7f711fbb9000 rw-p 0002d000 08:02 26479939                   /usr/java/jdk1.8.0_191/jre/lib/amd64/libjava.so
7f711fbb9000-7f711fbc6000 r-xp 00000000 08:02 26479944                   /usr/java/jdk1.8.0_191/jre/lib/amd64/libverify.so
7f711fbc6000-7f711fdc5000 ---p 0000d000 08:02 26479944                   /usr/java/jdk1.8.0_191/jre/lib/amd64/libverify.so
7f711fdc5000-7f711fdc7000 r--p 0000c000 08:02 26479944                   /usr/java/jdk1.8.0_191/jre/lib/amd64/libverify.so
7f711fdc7000-7f711fdc8000 rw-p 0000e000 08:02 26479944                   /usr/java/jdk1.8.0_191/jre/lib/amd64/libverify.so
7f711fdc8000-7f711fdcf000 r-xp 00000000 08:02 13374164                   /lib/x86_64-linux-gnu/librt-2.23.so
7f711fdcf000-7f711ffce000 ---p 00007000 08:02 13374164                   /lib/x86_64-linux-gnu/librt-2.23.so
7f711ffce000-7f711ffcf000 r--p 00006000 08:02 13374164                   /lib/x86_64-linux-gnu/librt-2.23.so
7f711ffcf000-7f711ffd0000 rw-p 00007000 08:02 13374164                   /lib/x86_64-linux-gnu/librt-2.23.so
7f711ffd0000-7f71200d8000 r-xp 00000000 08:02 13374080                   /lib/x86_64-linux-gnu/libm-2.23.so
7f71200d8000-7f71202d7000 ---p 00108000 08:02 13374080                   /lib/x86_64-linux-gnu/libm-2.23.so
7f71202d7000-7f71202d8000 r--p 00107000 08:02 13374080                   /lib/x86_64-linux-gnu/libm-2.23.so
7f71202d8000-7f71202d9000 rw-p 00108000 08:02 13374080                   /lib/x86_64-linux-gnu/libm-2.23.so
7f71202d9000-7f7120fbb000 r-xp 00000000 08:02 26479921                   /usr/java/jdk1.8.0_191/jre/lib/amd64/server/libjvm.so
7f7120fbb000-7f71211bb000 ---p 00ce2000 08:02 26479921                   /usr/java/jdk1.8.0_191/jre/lib/amd64/server/libjvm.so
7f71211bb000-7f7121251000 r--p 00ce2000 08:02 26479921                   /usr/java/jdk1.8.0_191/jre/lib/amd64/server/libjvm.so
7f7121251000-7f7121282000 rw-p 00d78000 08:02 26479921                   /usr/java/jdk1.8.0_191/jre/lib/amd64/server/libjvm.so
7f7121282000-7f71212bd000 rw-p 00000000 00:00 0 
7f71212bd000-7f712147d000 r-xp 00000000 08:02 13374010                   /lib/x86_64-linux-gnu/libc-2.23.so
7f712147d000-7f712167d000 ---p 001c0000 08:02 13374010                   /lib/x86_64-linux-gnu/libc-2.23.so
7f712167d000-7f7121681000 r--p 001c0000 08:02 13374010                   /lib/x86_64-linux-gnu/libc-2.23.so
7f7121681000-7f7121683000 rw-p 001c4000 08:02 13374010                   /lib/x86_64-linux-gnu/libc-2.23.so
7f7121683000-7f7121687000 rw-p 00000000 00:00 0 
7f7121687000-7f712168a000 r-xp 00000000 08:02 13374034                   /lib/x86_64-linux-gnu/libdl-2.23.so
7f712168a000-7f7121889000 ---p 00003000 08:02 13374034                   /lib/x86_64-linux-gnu/libdl-2.23.so
7f7121889000-7f712188a000 r--p 00002000 08:02 13374034                   /lib/x86_64-linux-gnu/libdl-2.23.so
7f712188a000-7f712188b000 rw-p 00003000 08:02 13374034                   /lib/x86_64-linux-gnu/libdl-2.23.so
7f712188b000-7f71218a2000 r-xp 00000000 08:02 26479599                   /usr/java/jdk1.8.0_191/lib/amd64/jli/libjli.so
7f71218a2000-7f7121aa1000 ---p 00017000 08:02 26479599                   /usr/java/jdk1.8.0_191/lib/amd64/jli/libjli.so
7f7121aa1000-7f7121aa2000 r--p 00016000 08:02 26479599                   /usr/java/jdk1.8.0_191/lib/amd64/jli/libjli.so
7f7121aa2000-7f7121aa3000 rw-p 00017000 08:02 26479599                   /usr/java/jdk1.8.0_191/lib/amd64/jli/libjli.so
7f7121aa3000-7f7121abb000 r-xp 00000000 08:02 13374156                   /lib/x86_64-linux-gnu/libpthread-2.23.so
7f7121abb000-7f7121cba000 ---p 00018000 08:02 13374156                   /lib/x86_64-linux-gnu/libpthread-2.23.so
7f7121cba000-7f7121cbb000 r--p 00017000 08:02 13374156                   /lib/x86_64-linux-gnu/libpthread-2.23.so
7f7121cbb000-7f7121cbc000 rw-p 00018000 08:02 13374156                   /lib/x86_64-linux-gnu/libpthread-2.23.so
7f7121cbc000-7f7121cc0000 rw-p 00000000 00:00 0 
7f7121cc0000-7f7121ce6000 r-xp 00000000 08:02 13373982                   /lib/x86_64-linux-gnu/ld-2.23.so
7f7121ce6000-7f7121ce7000 r--s 00000000 08:02 22552099                   /usr/share/java/geronimo-interceptor-3.0-spec-1.0.1.jar
7f7121ce7000-7f7121ce8000 r--s 00000000 08:02 22551445                   /usr/share/java/atinject-jsr330-api-1.0.jar
7f7121ce8000-7f7121ce9000 r--s 0000a000 08:02 22555526                   /usr/share/java/maven3-settings-3.3.9.jar
7f7121ce9000-7f7121cec000 r--s 00007000 08:02 22555535                   /usr/share/java/maven3-settings-builder-3.3.9.jar
7f7121cec000-7f7121cee000 r--s 00007000 08:02 22554539                   /usr/share/java/slf4j-api.jar
7f7121cee000-7f7121cf0000 r--s 00027000 08:02 22555533                   /usr/share/java/maven3-model-3.3.9.jar
7f7121cf0000-7f7121dc1000 rw-p 00000000 00:00 0 
7f7121dc1000-7f7121dc4000 ---p 00000000 00:00 0 
7f7121dc4000-7f7121ec7000 rw-p 00000000 00:00 0 
7f7121ec7000-7f7121ecd000 r--s 00048000 08:02 22555320                   /usr/share/java/jsoup.jar
7f7121ecd000-7f7121ed2000 r--s 0001d000 08:02 22555384                   /usr/share/java/eclipse-aether-api.jar
7f7121ed2000-7f7121ed4000 r--s 00013000 08:02 22555532                   /usr/share/java/maven3-embedder-3.3.9.jar
7f7121ed4000-7f7121ed6000 r--s 0000a000 08:02 22555491                   /usr/share/java/plexus-classworlds2-2.5.2.jar
7f7121ed6000-7f7121ede000 rw-s 00000000 08:02 20974015                   /tmp/hsperfdata_prabhatarya/507
7f7121ede000-7f7121edf000 rw-p 00000000 00:00 0 
7f7121edf000-7f7121ee0000 ---p 00000000 00:00 0 
7f7121ee0000-7f7121ee3000 r--p 00000000 00:00 0                          [vvar]
7f7121ee3000-7f7121ee5000 r-xp 00000000 00:00 0                          [vdso]
7f7121ee5000-7f7121ee6000 r--p 00025000 08:02 13373982                   /lib/x86_64-linux-gnu/ld-2.23.so
7f7121ee6000-7f7121ee7000 rw-p 00026000 08:02 13373982                   /lib/x86_64-linux-gnu/ld-2.23.so
7f7121ee7000-7f7121ee8000 rw-p 00000000 00:00 0 
7ffcad7ee000-7ffcad810000 rw-p 00000000 00:00 0                          [stack]
ffffffffff600000-ffffffffff601000 r-xp 00000000 00:00 0                  [vsyscall]

VM Arguments:
jvm_args: -Dclassworlds.conf=/usr/share/maven/bin/m2.conf -Dmaven.home=/usr/share/maven -Dmaven.multiModuleProjectDirectory=/home/prabhatarya/Documents/hbaseclient_final 
java_command: org.codehaus.plexus.classworlds.launcher.Launcher package
java_class_path (initial): /usr/share/maven/boot/plexus-classworlds-2.x.jar
Launcher Type: SUN_STANDARD

Environment Variables:
JAVA_HOME=/usr/java/jdk1.8.0_191
CLASSPATH=/snap/intellij-idea-community/113/lib/bootstrap.jar:/snap/intellij-idea-community/113/lib/extensions.jar:/snap/intellij-idea-community/113/lib/util.jar:/snap/intellij-idea-community/113/lib/jdom.jar:/snap/intellij-idea-community/113/lib/log4j.jar:/snap/intellij-idea-community/113/lib/trove4j.jar:/snap/intellij-idea-community/113/lib/jna.jar:/snap/intellij-idea-community/113/jre64/lib/tools.jar:/usr/local/testng/testng-6.8.5.jar
PATH=/usr/java/jdk1.8.0_191/bin:/home/prabhatarya/bin:/home/prabhatarya/.local/bin:/usr/java/jdk1.8.0_191/bin:/usr/local/sbin:/usr/local/bin:/usr/sbin:/usr/bin:/sbin:/bin:/usr/games:/usr/local/games:/opt/gradle/gradle-5.1/bin:/snap/bin:/opt/mssql-tools/bin:/opt/gradle/gradle-5.1/bin
SHELL=/bin/bash
DISPLAY=:0

Signal Handlers:
SIGSEGV: [libjvm.so+0xaced60], sa_mask[0]=11111111011111111101111111111110, sa_flags=SA_RESTART|SA_SIGINFO
SIGBUS: [libjvm.so+0xaced60], sa_mask[0]=11111111011111111101111111111110, sa_flags=SA_RESTART|SA_SIGINFO
SIGFPE: [libjvm.so+0x907ca0], sa_mask[0]=11111111011111111101111111111110, sa_flags=SA_RESTART|SA_SIGINFO
SIGPIPE: [libjvm.so+0x907ca0], sa_mask[0]=11111111011111111101111111111110, sa_flags=SA_RESTART|SA_SIGINFO
SIGXFSZ: [libjvm.so+0x907ca0], sa_mask[0]=11111111011111111101111111111110, sa_flags=SA_RESTART|SA_SIGINFO
SIGILL: [libjvm.so+0x907ca0], sa_mask[0]=11111111011111111101111111111110, sa_flags=SA_RESTART|SA_SIGINFO
SIGUSR1: SIG_DFL, sa_mask[0]=00000000000000000000000000000000, sa_flags=none
SIGUSR2: [libjvm.so+0x907b70], sa_mask[0]=00100000000000000000000000000000, sa_flags=SA_RESTART|SA_SIGINFO
SIGHUP: [libjvm.so+0x908190], sa_mask[0]=11111111011111111101111111111110, sa_flags=SA_RESTART|SA_SIGINFO
SIGINT: [libjvm.so+0x908190], sa_mask[0]=11111111011111111101111111111110, sa_flags=SA_RESTART|SA_SIGINFO
SIGTERM: [libjvm.so+0x908190], sa_mask[0]=11111111011111111101111111111110, sa_flags=SA_RESTART|SA_SIGINFO
SIGQUIT: [libjvm.so+0x908190], sa_mask[0]=11111111011111111101111111111110, sa_flags=SA_RESTART|SA_SIGINFO


---------------  S Y S T E M  ---------------

OS:DISTRIB_ID=Ubuntu
DISTRIB_RELEASE=16.04
DISTRIB_CODENAME=xenial
DISTRIB_DESCRIPTION="Ubuntu 16.04.5 LTS"

uname:Linux 4.15.0-43-generic #46~16.04.1-Ubuntu SMP Fri Dec 7 13:31:08 UTC 2018 x86_64
libc:glibc 2.23 NPTL 2.23 
rlimit: STACK 8192k, CORE 0k, NPROC 63190, NOFILE 1048576, AS infinity
load average:2.39 1.57 1.29

/proc/meminfo:
MemTotal:       16283052 kB
MemFree:          144844 kB
MemAvailable:     109888 kB
Buffers:           13248 kB
Cached:           816196 kB
SwapCached:         6632 kB
Active:         13879444 kB
Inactive:        1508748 kB
Active(anon):   13809920 kB
Inactive(anon):  1436444 kB
Active(file):      69524 kB
Inactive(file):    72304 kB
Unevictable:         200 kB
Mlocked:             200 kB
SwapTotal:        999420 kB
SwapFree:              0 kB
Dirty:              3888 kB
Writeback:             0 kB
AnonPages:      14552976 kB
Mapped:           325916 kB
Shmem:            687608 kB
Slab:             374064 kB
SReclaimable:     124528 kB
SUnreclaim:       249536 kB
KernelStack:       44336 kB
PageTables:       160140 kB
NFS_Unstable:          0 kB
Bounce:                0 kB
WritebackTmp:          0 kB
CommitLimit:     9140944 kB
Committed_AS:   37659880 kB
VmallocTotal:   34359738367 kB
VmallocUsed:           0 kB
VmallocChunk:          0 kB
HardwareCorrupted:     0 kB
AnonHugePages:         0 kB
ShmemHugePages:        0 kB
ShmemPmdMapped:        0 kB
CmaTotal:              0 kB
CmaFree:               0 kB
HugePages_Total:       0
HugePages_Free:        0
HugePages_Rsvd:        0
HugePages_Surp:        0
Hugepagesize:       2048 kB
DirectMap4k:      648548 kB
DirectMap2M:    15986688 kB
DirectMap1G:           0 kB

container (cgroup) information:
container_type: cgroupv1
cpu_cpuset_cpus: 0-7
cpu_memory_nodes: 0
active_processor_count: 8
cpu_quota: -1
cpu_period: 100000
cpu_shares: -1
memory_limit_in_bytes: -1
memory_and_swap_limit_in_bytes: -2
memory_soft_limit_in_bytes: -1
memory_usage_in_bytes: 15097757696
memory_max_usage_in_bytes: 15218335744


CPU:total 8 (initial active 8) (4 cores per cpu, 2 threads per core) family 6 model 142 stepping 10, cmov, cx8, fxsr, mmx, sse, sse2, sse3, ssse3, sse4.1, sse4.2, popcnt, avx, avx2, aes, clmul, erms, rtm, 3dnowpref, lzcnt, ht, tsc, tscinvbit, bmi1, bmi2, adx

/proc/cpuinfo:
processor	: 0
vendor_id	: GenuineIntel
cpu family	: 6
model		: 142
model name	: Intel(R) Core(TM) i7-8650U CPU @ 1.90GHz
stepping	: 10
microcode	: 0x96
cpu MHz		: 2923.641
cache size	: 8192 KB
physical id	: 0
siblings	: 8
core id		: 0
cpu cores	: 4
apicid		: 0
initial apicid	: 0
fpu		: yes
fpu_exception	: yes
cpuid level	: 22
wp		: yes
flags		: fpu vme de pse tsc msr pae mce cx8 apic sep mtrr pge mca cmov pat pse36 clflush dts acpi mmx fxsr sse sse2 ss ht tm pbe syscall nx pdpe1gb rdtscp lm constant_tsc art arch_perfmon pebs bts rep_good nopl xtopology nonstop_tsc cpuid aperfmperf tsc_known_freq pni pclmulqdq dtes64 monitor ds_cpl vmx smx est tm2 ssse3 sdbg fma cx16 xtpr pdcm pcid sse4_1 sse4_2 x2apic movbe popcnt tsc_deadline_timer aes xsave avx f16c rdrand lahf_lm abm 3dnowprefetch cpuid_fault epb invpcid_single pti ssbd ibrs ibpb stibp tpr_shadow vnmi flexpriority ept vpid fsgsbase tsc_adjust bmi1 hle avx2 smep bmi2 erms invpcid rtm mpx rdseed adx smap clflushopt intel_pt xsaveopt xsavec xgetbv1 xsaves dtherm ida arat pln pts hwp hwp_notify hwp_act_window hwp_epp flush_l1d
bugs		: cpu_meltdown spectre_v1 spectre_v2 spec_store_bypass l1tf
bogomips	: 4224.00
clflush size	: 64
cache_alignment	: 64
address sizes	: 39 bits physical, 48 bits virtual
power management:

processor	: 1
vendor_id	: GenuineIntel
cpu family	: 6
model		: 142
model name	: Intel(R) Core(TM) i7-8650U CPU @ 1.90GHz
stepping	: 10
microcode	: 0x96
cpu MHz		: 2547.419
cache size	: 8192 KB
physical id	: 0
siblings	: 8
core id		: 1
cpu cores	: 4
apicid		: 2
initial apicid	: 2
fpu		: yes
fpu_exception	: yes
cpuid level	: 22
wp		: yes
flags		: fpu vme de pse tsc msr pae mce cx8 apic sep mtrr pge mca cmov pat pse36 clflush dts acpi mmx fxsr sse sse2 ss ht tm pbe syscall nx pdpe1gb rdtscp lm constant_tsc art arch_perfmon pebs bts rep_good nopl xtopology nonstop_tsc cpuid aperfmperf tsc_known_freq pni pclmulqdq dtes64 monitor ds_cpl vmx smx est tm2 ssse3 sdbg fma cx16 xtpr pdcm pcid sse4_1 sse4_2 x2apic movbe popcnt tsc_deadline_timer aes xsave avx f16c rdrand lahf_lm abm 3dnowprefetch cpuid_fault epb invpcid_single pti ssbd ibrs ibpb stibp tpr_shadow vnmi flexpriority ept vpid fsgsbase tsc_adjust bmi1 hle avx2 smep bmi2 erms invpcid rtm mpx rdseed adx smap clflushopt intel_pt xsaveopt xsavec xgetbv1 xsaves dtherm ida arat pln pts hwp hwp_notify hwp_act_window hwp_epp flush_l1d
bugs		: cpu_meltdown spectre_v1 spectre_v2 spec_store_bypass l1tf
bogomips	: 4224.00
clflush size	: 64
cache_alignment	: 64
address sizes	: 39 bits physical, 48 bits virtual
power management:

processor	: 2
vendor_id	: GenuineIntel
cpu family	: 6
model		: 142
model name	: Intel(R) Core(TM) i7-8650U CPU @ 1.90GHz
stepping	: 10
microcode	: 0x96
cpu MHz		: 2900.044
cache size	: 8192 KB
physical id	: 0
siblings	: 8
core id		: 2
cpu cores	: 4
apicid		: 4
initial apicid	: 4
fpu		: yes
fpu_exception	: yes
cpuid level	: 22
wp		: yes
flags		: fpu vme de pse tsc msr pae mce cx8 apic sep mtrr pge mca cmov pat pse36 clflush dts acpi mmx fxsr sse sse2 ss ht tm pbe syscall nx pdpe1gb rdtscp lm constant_tsc art arch_perfmon pebs bts rep_good nopl xtopology nonstop_tsc cpuid aperfmperf tsc_known_freq pni pclmulqdq dtes64 monitor ds_cpl vmx smx est tm2 ssse3 sdbg fma cx16 xtpr pdcm pcid sse4_1 sse4_2 x2apic movbe popcnt tsc_deadline_timer aes xsave avx f16c rdrand lahf_lm abm 3dnowprefetch cpuid_fault epb invpcid_single pti ssbd ibrs ibpb stibp tpr_shadow vnmi flexpriority ept vpid fsgsbase tsc_adjust bmi1 hle avx2 smep bmi2 erms invpcid rtm mpx rdseed adx smap clflushopt intel_pt xsaveopt xsavec xgetbv1 xsaves dtherm ida arat pln pts hwp hwp_notify hwp_act_window hwp_epp flush_l1d
bugs		: cpu_meltdown spectre_v1 spectre_v2 spec_store_bypass l1tf
bogomips	: 4224.00
clflush size	: 64
cache_alignment	: 64
address sizes	: 39 bits physical, 48 bits virtual
power management:

processor	: 3
vendor_id	: GenuineIntel
cpu family	: 6
model		: 142
model name	: Intel(R) Core(TM) i7-8650U CPU @ 1.90GHz
stepping	: 10
microcode	: 0x96
cpu MHz		: 2899.917
cache size	: 8192 KB
physical id	: 0
siblings	: 8
core id		: 3
cpu cores	: 4
apicid		: 6
initial apicid	: 6
fpu		: yes
fpu_exception	: yes
cpuid level	: 22
wp		: yes
flags		: fpu vme de pse tsc msr pae mce cx8 apic sep mtrr pge mca cmov pat pse36 clflush dts acpi mmx fxsr sse sse2 ss ht tm pbe syscall nx pdpe1gb rdtscp lm constant_tsc art arch_perfmon pebs bts rep_good nopl xtopology nonstop_tsc cpuid aperfmperf tsc_known_freq pni pclmulqdq dtes64 monitor ds_cpl vmx smx est tm2 ssse3 sdbg fma cx16 xtpr pdcm pcid sse4_1 sse4_2 x2apic movbe popcnt tsc_deadline_timer aes xsave avx f16c rdrand lahf_lm abm 3dnowprefetch cpuid_fault epb invpcid_single pti ssbd ibrs ibpb stibp tpr_shadow vnmi flexpriority ept vpid fsgsbase tsc_adjust bmi1 hle avx2 smep bmi2 erms invpcid rtm mpx rdseed adx smap clflushopt intel_pt xsaveopt xsavec xgetbv1 xsaves dtherm ida arat pln pts hwp hwp_notify hwp_act_window hwp_epp flush_l1d
bugs		: cpu_meltdown spectre_v1 spectre_v2 spec_store_bypass l1tf
bogomips	: 4224.00
clflush size	: 64
cache_alignment	: 64
address sizes	: 39 bits physical, 48 bits virtual
power management:

processor	: 4
vendor_id	: GenuineIntel
cpu family	: 6
model		: 142
model name	: Intel(R) Core(TM) i7-8650U CPU @ 1.90GHz
stepping	: 10
microcode	: 0x96
cpu MHz		: 2431.499
cache size	: 8192 KB
physical id	: 0
siblings	: 8
core id		: 0
cpu cores	: 4
apicid		: 1
initial apicid	: 1
fpu		: yes
fpu_exception	: yes
cpuid level	: 22
wp		: yes
flags		: fpu vme de pse tsc msr pae mce cx8 apic sep mtrr pge mca cmov pat pse36 clflush dts acpi mmx fxsr sse sse2 ss ht tm pbe syscall nx pdpe1gb rdtscp lm constant_tsc art arch_perfmon pebs bts rep_good nopl xtopology nonstop_tsc cpuid aperfmperf tsc_known_freq pni pclmulqdq dtes64 monitor ds_cpl vmx smx est tm2 ssse3 sdbg fma cx16 xtpr pdcm pcid sse4_1 sse4_2 x2apic movbe popcnt tsc_deadline_timer aes xsave avx f16c rdrand lahf_lm abm 3dnowprefetch cpuid_fault epb invpcid_single pti ssbd ibrs ibpb stibp tpr_shadow vnmi flexpriority ept vpid fsgsbase tsc_adjust bmi1 hle avx2 smep bmi2 erms invpcid rtm mpx rdseed adx smap clflushopt intel_pt xsaveopt xsavec xgetbv1 xsaves dtherm ida arat pln pts hwp hwp_notify hwp_act_window hwp_epp flush_l1d
bugs		: cpu_meltdown spectre_v1 spectre_v2 spec_store_bypass l1tf
bogomips	: 4224.00
clflush size	: 64
cache_alignment	: 64
address sizes	: 39 bits physical, 48 bits virtual
power management:

processor	: 5
vendor_id	: GenuineIntel
cpu family	: 6
model		: 142
model name	: Intel(R) Core(TM) i7-8650U CPU @ 1.90GHz
stepping	: 10
microcode	: 0x96
cpu MHz		: 2656.935
cache size	: 8192 KB
physical id	: 0
siblings	: 8
core id		: 1
cpu cores	: 4
apicid		: 3
initial apicid	: 3
fpu		: yes
fpu_exception	: yes
cpuid level	: 22
wp		: yes
flags		: fpu vme de pse tsc msr pae mce cx8 apic sep mtrr pge mca cmov pat pse36 clflush dts acpi mmx fxsr sse sse2 ss ht tm pbe syscall nx pdpe1gb rdtscp lm constant_tsc art arch_perfmon pebs bts rep_good nopl xtopology nonstop_tsc cpuid aperfmperf tsc_known_freq pni pclmulqdq dtes64 monitor ds_cpl vmx smx est tm2 ssse3 sdbg fma cx16 xtpr pdcm pcid sse4_1 sse4_2 x2apic movbe popcnt tsc_deadline_timer aes xsave avx f16c rdrand lahf_lm abm 3dnowprefetch cpuid_fault epb invpcid_single pti ssbd ibrs ibpb stibp tpr_shadow vnmi flexpriority ept vpid fsgsbase tsc_adjust bmi1 hle avx2 smep bmi2 erms invpcid rtm mpx rdseed adx smap clflushopt intel_pt xsaveopt xsavec xgetbv1 xsaves dtherm ida arat pln pts hwp hwp_notify hwp_act_window hwp_epp flush_l1d
bugs		: cpu_meltdown spectre_v1 spectre_v2 spec_store_bypass l1tf
bogomips	: 4224.00
clflush size	: 64
cache_alignment	: 64
address sizes	: 39 bits physical, 48 bits virtual
power management:

processor	: 6
vendor_id	: GenuineIntel
cpu family	: 6
model		: 142
model name	: Intel(R) Core(TM) i7-8650U CPU @ 1.90GHz
stepping	: 10
microcode	: 0x96
cpu MHz		: 2888.517
cache size	: 8192 KB
physical id	: 0
siblings	: 8
core id		: 2
cpu cores	: 4
apicid		: 5
initial apicid	: 5
fpu		: yes
fpu_exception	: yes
cpuid level	: 22
wp		: yes
flags		: fpu vme de pse tsc msr pae mce cx8 apic sep mtrr pge mca cmov pat pse36 clflush dts acpi mmx fxsr sse sse2 ss ht tm pbe syscall nx pdpe1gb rdtscp lm constant_tsc art arch_perfmon pebs bts rep_good nopl xtopology nonstop_tsc cpuid aperfmperf tsc_known_freq pni pclmulqdq dtes64 monitor ds_cpl vmx smx est tm2 ssse3 sdbg fma cx16 xtpr pdcm pcid sse4_1 sse4_2 x2apic movbe popcnt tsc_deadline_timer aes xsave avx f16c rdrand lahf_lm abm 3dnowprefetch cpuid_fault epb invpcid_single pti ssbd ibrs ibpb stibp tpr_shadow vnmi flexpriority ept vpid fsgsbase tsc_adjust bmi1 hle avx2 smep bmi2 erms invpcid rtm mpx rdseed adx smap clflushopt intel_pt xsaveopt xsavec xgetbv1 xsaves dtherm ida arat pln pts hwp hwp_notify hwp_act_window hwp_epp flush_l1d
bugs		: cpu_meltdown spectre_v1 spectre_v2 spec_store_bypass l1tf
bogomips	: 4224.00
clflush size	: 64
cache_alignment	: 64
address sizes	: 39 bits physical, 48 bits virtual
power management:

processor	: 7
vendor_id	: GenuineIntel
cpu family	: 6
model		: 142
model name	: Intel(R) Core(TM) i7-8650U CPU @ 1.90GHz
stepping	: 10
microcode	: 0x96
cpu MHz		: 2906.596
cache size	: 8192 KB
physical id	: 0
siblings	: 8
core id		: 3
cpu cores	: 4
apicid		: 7
initial apicid	: 7
fpu		: yes
fpu_exception	: yes
cpuid level	: 22
wp		: yes
flags		: fpu vme de pse tsc msr pae mce cx8 apic sep mtrr pge mca cmov pat pse36 clflush dts acpi mmx fxsr sse sse2 ss ht tm pbe syscall nx pdpe1gb rdtscp lm constant_tsc art arch_perfmon pebs bts rep_good nopl xtopology nonstop_tsc cpuid aperfmperf tsc_known_freq pni pclmulqdq dtes64 monitor ds_cpl vmx smx est tm2 ssse3 sdbg fma cx16 xtpr pdcm pcid sse4_1 sse4_2 x2apic movbe popcnt tsc_deadline_timer aes xsave avx f16c rdrand lahf_lm abm 3dnowprefetch cpuid_fault epb invpcid_single pti ssbd ibrs ibpb stibp tpr_shadow vnmi flexpriority ept vpid fsgsbase tsc_adjust bmi1 hle avx2 smep bmi2 erms invpcid rtm mpx rdseed adx smap clflushopt intel_pt xsaveopt xsavec xgetbv1 xsaves dtherm ida arat pln pts hwp hwp_notify hwp_act_window hwp_epp flush_l1d
bugs		: cpu_meltdown spectre_v1 spectre_v2 spec_store_bypass l1tf
bogomips	: 4224.00
clflush size	: 64
cache_alignment	: 64
address sizes	: 39 bits physical, 48 bits virtual
power management:



Memory: 4k page, physical 16283052k(159960k free), swap 999420k(0k free)

vm_info: Java HotSpot(TM) 64-Bit Server VM (25.191-b12) for linux-amd64 JRE (1.8.0_191-b12), built on Oct  6 2018 05:43:09 by "java_re" with gcc 7.3.0

time: Wed Jan 30 18:08:01 2019
elapsed time: 8 seconds (0d 0h 0m 8s)

